<?xml version="1.0" encoding="UTF-8"?>
<testng-results skipped="30" failed="0" total="30" passed="0">
  <reporter-output>
  </reporter-output>
  <suite name="Suite" duration-ms="114" started-at="2021-06-18T14:12:56Z" finished-at="2021-06-18T14:12:56Z">
    <groups>
    </groups>
    <test name="Test" duration-ms="114" started-at="2021-06-18T14:12:56Z" finished-at="2021-06-18T14:12:56Z">
      <class name="TESTCASES.Purchase_Critical_Illness">
        <test-method status="SKIP" signature="Choose_Critical()[pri:0, instance:TESTCASES.Purchase_Critical_Illness@204f30ec]" name="Choose_Critical" duration-ms="1" started-at="2021-06-18T19:42:56Z" finished-at="2021-06-18T19:42:56Z">
          <reporter-output>
          </reporter-output>
        </test-method> <!-- Choose_Critical -->
        <test-method status="SKIP" signature="Get_Quote2()[pri:0, instance:TESTCASES.Purchase_Critical_Illness@204f30ec]" name="Get_Quote2" duration-ms="0" started-at="2021-06-18T19:42:56Z" depends-on-methods="TESTCASES.Purchase_Critical_Illness.Choose_Critical" finished-at="2021-06-18T19:42:56Z">
          <reporter-output>
          </reporter-output>
        </test-method> <!-- Get_Quote2 -->
        <test-method status="SKIP" signature="Customer_Registration()[pri:0, instance:TESTCASES.Purchase_Critical_Illness@204f30ec]" name="Customer_Registration" duration-ms="1" started-at="2021-06-18T19:42:56Z" depends-on-methods="TESTCASES.Purchase_Critical_Illness.Get_Quote2" finished-at="2021-06-18T19:42:56Z">
          <reporter-output>
          </reporter-output>
        </test-method> <!-- Customer_Registration -->
        <test-method status="SKIP" signature="Answer_CI_Questions()[pri:0, instance:TESTCASES.Purchase_Critical_Illness@204f30ec]" name="Answer_CI_Questions" duration-ms="0" started-at="2021-06-18T19:42:56Z" depends-on-methods="TESTCASES.Purchase_Critical_Illness.Customer_Registration" finished-at="2021-06-18T19:42:56Z">
          <reporter-output>
          </reporter-output>
        </test-method> <!-- Answer_CI_Questions -->
        <test-method status="SKIP" signature="Checkout_From_Cart()[pri:0, instance:TESTCASES.Purchase_Critical_Illness@204f30ec]" name="Checkout_From_Cart" duration-ms="0" started-at="2021-06-18T19:42:56Z" depends-on-methods="TESTCASES.Purchase_Critical_Illness.Answer_CI_Questions" finished-at="2021-06-18T19:42:56Z">
          <reporter-output>
          </reporter-output>
        </test-method> <!-- Checkout_From_Cart -->
        <test-method status="SKIP" signature="Checkout_Add_beneficiary()[pri:0, instance:TESTCASES.Purchase_Critical_Illness@204f30ec]" name="Checkout_Add_beneficiary" duration-ms="1" started-at="2021-06-18T19:42:56Z" depends-on-methods="TESTCASES.Purchase_Critical_Illness.Checkout_From_Cart" finished-at="2021-06-18T19:42:56Z">
          <reporter-output>
          </reporter-output>
        </test-method> <!-- Checkout_Add_beneficiary -->
        <test-method status="SKIP" signature="Checkout_Add_creditcarddetials()[pri:0, instance:TESTCASES.Purchase_Critical_Illness@204f30ec]" name="Checkout_Add_creditcarddetials" duration-ms="0" started-at="2021-06-18T19:42:56Z" depends-on-methods="TESTCASES.Purchase_Critical_Illness.Checkout_Add_beneficiary" finished-at="2021-06-18T19:42:56Z">
          <reporter-output>
          </reporter-output>
        </test-method> <!-- Checkout_Add_creditcarddetials -->
        <test-method status="SKIP" signature="Checkout_FIll_Disclosures()[pri:0, instance:TESTCASES.Purchase_Critical_Illness@204f30ec]" name="Checkout_FIll_Disclosures" duration-ms="1" started-at="2021-06-18T19:42:56Z" depends-on-methods="TESTCASES.Purchase_Critical_Illness.Checkout_Add_creditcarddetials" finished-at="2021-06-18T19:42:56Z">
          <reporter-output>
          </reporter-output>
        </test-method> <!-- Checkout_FIll_Disclosures -->
        <test-method status="SKIP" signature="Review_And_Submit()[pri:0, instance:TESTCASES.Purchase_Critical_Illness@204f30ec]" name="Review_And_Submit" duration-ms="0" started-at="2021-06-18T19:42:56Z" depends-on-methods="TESTCASES.Purchase_Critical_Illness.Checkout_FIll_Disclosures" finished-at="2021-06-18T19:42:56Z">
          <reporter-output>
          </reporter-output>
        </test-method> <!-- Review_And_Submit -->
        <test-method status="SKIP" signature="Check_Thank_You_Page()[pri:0, instance:TESTCASES.Purchase_Critical_Illness@204f30ec]" name="Check_Thank_You_Page" duration-ms="0" started-at="2021-06-18T19:42:56Z" depends-on-methods="TESTCASES.Purchase_Critical_Illness.Review_And_Submit" finished-at="2021-06-18T19:42:56Z">
          <reporter-output>
          </reporter-output>
        </test-method> <!-- Check_Thank_You_Page -->
      </class> <!-- TESTCASES.Purchase_Critical_Illness -->
      <class name="TESTCASES.Purchase_Accident_Insurance">
        <test-method status="FAIL" signature="OpenBroswer()[pri:0, instance:TESTCASES.Purchase_Accident_Insurance@77cd7a0]" name="OpenBroswer" is-config="true" duration-ms="0" started-at="2021-06-18T19:42:22Z" finished-at="2021-06-18T19:42:22Z">
          <exception class="java.io.FileNotFoundException">
            <message>
              <![CDATA[E:\SELENIUM\SPRAOI\AFLAC\Test_data\Data_sheet.xlsx (The system cannot find the path specified)]]>
            </message>
            <full-stacktrace>
              <![CDATA[java.io.FileNotFoundException: E:\SELENIUM\SPRAOI\AFLAC\Test_data\Data_sheet.xlsx (The system cannot find the path specified)
	at java.io.FileInputStream.open0(Native Method)
	at java.io.FileInputStream.open(Unknown Source)
	at java.io.FileInputStream.<init>(Unknown Source)
	at Generic.Excel_data.Get_Data(Excel_data.java:19)
	at TESTCASES.Purchase_Accident_Insurance.OpenBroswer(Purchase_Accident_Insurance.java:55)
	at sun.reflect.NativeMethodAccessorImpl.invoke0(Native Method)
	at sun.reflect.NativeMethodAccessorImpl.invoke(Unknown Source)
	at sun.reflect.DelegatingMethodAccessorImpl.invoke(Unknown Source)
	at java.lang.reflect.Method.invoke(Unknown Source)
	at org.testng.internal.MethodInvocationHelper.invokeMethod(MethodInvocationHelper.java:80)
	at org.testng.internal.Invoker.invokeConfigurationMethod(Invoker.java:564)
	at org.testng.internal.Invoker.invokeConfigurations(Invoker.java:213)
	at org.testng.internal.Invoker.invokeConfigurations(Invoker.java:138)
	at org.testng.SuiteRunner.privateRun(SuiteRunner.java:277)
	at org.testng.SuiteRunner.run(SuiteRunner.java:240)
	at org.testng.SuiteRunnerWorker.runSuite(SuiteRunnerWorker.java:52)
	at org.testng.SuiteRunnerWorker.run(SuiteRunnerWorker.java:86)
	at org.testng.TestNG.runSuitesSequentially(TestNG.java:1198)
	at org.testng.TestNG.runSuitesLocally(TestNG.java:1123)
	at org.testng.TestNG.run(TestNG.java:1031)
	at org.testng.remote.AbstractRemoteTestNG.run(AbstractRemoteTestNG.java:114)
	at org.testng.remote.RemoteTestNG.initAndRun(RemoteTestNG.java:251)
	at org.testng.remote.RemoteTestNG.main(RemoteTestNG.java:77)
]]>
            </full-stacktrace>
          </exception> <!-- java.io.FileNotFoundException -->
          <reporter-output>
          </reporter-output>
        </test-method> <!-- OpenBroswer -->
        <test-method status="SKIP" signature="OpenBroswer()[pri:0, instance:TESTCASES.Purchase_Cancer_Insurance@91161c7]" name="OpenBroswer" is-config="true" duration-ms="0" started-at="2021-06-18T19:42:56Z" finished-at="2021-06-18T19:42:56Z">
          <reporter-output>
          </reporter-output>
        </test-method> <!-- OpenBroswer -->
        <test-method status="SKIP" signature="OpenBroswer()[pri:0, instance:TESTCASES.Purchase_Critical_Illness@204f30ec]" name="OpenBroswer" is-config="true" duration-ms="0" started-at="2021-06-18T19:42:56Z" finished-at="2021-06-18T19:42:56Z">
          <reporter-output>
          </reporter-output>
        </test-method> <!-- OpenBroswer -->
        <test-method status="SKIP" signature="Choose_Accident()[pri:0, instance:TESTCASES.Purchase_Accident_Insurance@77cd7a0]" name="Choose_Accident" duration-ms="0" started-at="2021-06-18T19:42:56Z" finished-at="2021-06-18T19:42:56Z">
          <reporter-output>
          </reporter-output>
        </test-method> <!-- Choose_Accident -->
        <test-method status="SKIP" signature="Get_Quote2()[pri:0, instance:TESTCASES.Purchase_Accident_Insurance@77cd7a0]" name="Get_Quote2" duration-ms="0" started-at="2021-06-18T19:42:56Z" depends-on-methods="TESTCASES.Purchase_Accident_Insurance.Choose_Accident" finished-at="2021-06-18T19:42:56Z">
          <reporter-output>
          </reporter-output>
        </test-method> <!-- Get_Quote2 -->
        <test-method status="SKIP" signature="Customer_Registration()[pri:0, instance:TESTCASES.Purchase_Accident_Insurance@77cd7a0]" name="Customer_Registration" duration-ms="0" started-at="2021-06-18T19:42:56Z" depends-on-methods="TESTCASES.Purchase_Accident_Insurance.Get_Quote2" finished-at="2021-06-18T19:42:56Z">
          <reporter-output>
          </reporter-output>
        </test-method> <!-- Customer_Registration -->
        <test-method status="SKIP" signature="Answer_ACC_Questions()[pri:0, instance:TESTCASES.Purchase_Accident_Insurance@77cd7a0]" name="Answer_ACC_Questions" duration-ms="1" started-at="2021-06-18T19:42:56Z" depends-on-methods="TESTCASES.Purchase_Accident_Insurance.Checkout_Add_Dependents" finished-at="2021-06-18T19:42:56Z">
          <reporter-output>
          </reporter-output>
        </test-method> <!-- Answer_ACC_Questions -->
        <test-method status="SKIP" signature="Checkout_Add_Dependents()[pri:0, instance:TESTCASES.Purchase_Accident_Insurance@77cd7a0]" name="Checkout_Add_Dependents" duration-ms="0" started-at="2021-06-18T19:42:56Z" depends-on-methods="TESTCASES.Purchase_Accident_Insurance.Customer_Registration" finished-at="2021-06-18T19:42:56Z">
          <reporter-output>
          </reporter-output>
        </test-method> <!-- Checkout_Add_Dependents -->
        <test-method status="SKIP" signature="Checkout_From_Cart()[pri:0, instance:TESTCASES.Purchase_Accident_Insurance@77cd7a0]" name="Checkout_From_Cart" duration-ms="0" started-at="2021-06-18T19:42:56Z" depends-on-methods="TESTCASES.Purchase_Accident_Insurance.Answer_ACC_Questions" finished-at="2021-06-18T19:42:56Z">
          <reporter-output>
          </reporter-output>
        </test-method> <!-- Checkout_From_Cart -->
        <test-method status="SKIP" signature="Checkout_Add_beneficiary()[pri:0, instance:TESTCASES.Purchase_Accident_Insurance@77cd7a0]" name="Checkout_Add_beneficiary" duration-ms="0" started-at="2021-06-18T19:42:56Z" depends-on-methods="TESTCASES.Purchase_Accident_Insurance.Checkout_From_Cart" finished-at="2021-06-18T19:42:56Z">
          <reporter-output>
          </reporter-output>
        </test-method> <!-- Checkout_Add_beneficiary -->
        <test-method status="SKIP" signature="Checkout_Add_creditcarddetials()[pri:0, instance:TESTCASES.Purchase_Accident_Insurance@77cd7a0]" name="Checkout_Add_creditcarddetials" duration-ms="0" started-at="2021-06-18T19:42:56Z" depends-on-methods="TESTCASES.Purchase_Accident_Insurance.Checkout_Add_beneficiary" finished-at="2021-06-18T19:42:56Z">
          <reporter-output>
          </reporter-output>
        </test-method> <!-- Checkout_Add_creditcarddetials -->
        <test-method status="SKIP" signature="Checkout_FIll_Disclosures()[pri:0, instance:TESTCASES.Purchase_Accident_Insurance@77cd7a0]" name="Checkout_FIll_Disclosures" duration-ms="0" started-at="2021-06-18T19:42:56Z" depends-on-methods="TESTCASES.Purchase_Accident_Insurance.Checkout_Add_creditcarddetials" finished-at="2021-06-18T19:42:56Z">
          <reporter-output>
          </reporter-output>
        </test-method> <!-- Checkout_FIll_Disclosures -->
        <test-method status="SKIP" signature="Review_And_Submit()[pri:0, instance:TESTCASES.Purchase_Accident_Insurance@77cd7a0]" name="Review_And_Submit" duration-ms="1" started-at="2021-06-18T19:42:56Z" depends-on-methods="TESTCASES.Purchase_Accident_Insurance.Checkout_FIll_Disclosures" finished-at="2021-06-18T19:42:56Z">
          <reporter-output>
          </reporter-output>
        </test-method> <!-- Review_And_Submit -->
        <test-method status="SKIP" signature="Check_Thank_You_Page()[pri:0, instance:TESTCASES.Purchase_Accident_Insurance@77cd7a0]" name="Check_Thank_You_Page" duration-ms="0" started-at="2021-06-18T19:42:56Z" depends-on-methods="TESTCASES.Purchase_Accident_Insurance.Review_And_Submit" finished-at="2021-06-18T19:42:56Z">
          <reporter-output>
          </reporter-output>
        </test-method> <!-- Check_Thank_You_Page -->
        <test-method status="SKIP" signature="CloseBroswer()[pri:0, instance:TESTCASES.Purchase_Accident_Insurance@77cd7a0]" name="CloseBroswer" is-config="true" duration-ms="0" started-at="2021-06-18T19:42:56Z" finished-at="2021-06-18T19:42:56Z">
          <reporter-output>
          </reporter-output>
        </test-method> <!-- CloseBroswer -->
        <test-method status="SKIP" signature="CloseBroswer()[pri:0, instance:TESTCASES.Purchase_Critical_Illness@204f30ec]" name="CloseBroswer" is-config="true" duration-ms="0" started-at="2021-06-18T19:42:56Z" finished-at="2021-06-18T19:42:56Z">
          <reporter-output>
          </reporter-output>
        </test-method> <!-- CloseBroswer -->
        <test-method status="SKIP" signature="CloseBroswer()[pri:0, instance:TESTCASES.Purchase_Cancer_Insurance@91161c7]" name="CloseBroswer" is-config="true" duration-ms="0" started-at="2021-06-18T19:42:56Z" finished-at="2021-06-18T19:42:56Z">
          <reporter-output>
          </reporter-output>
        </test-method> <!-- CloseBroswer -->
      </class> <!-- TESTCASES.Purchase_Accident_Insurance -->
      <class name="TESTCASES.Purchase_Cancer_Insurance">
        <test-method status="SKIP" signature="Choose_Cancer()[pri:0, instance:TESTCASES.Purchase_Cancer_Insurance@91161c7]" name="Choose_Cancer" duration-ms="1" started-at="2021-06-18T19:42:56Z" finished-at="2021-06-18T19:42:56Z">
          <reporter-output>
          </reporter-output>
        </test-method> <!-- Choose_Cancer -->
        <test-method status="SKIP" signature="Get_Quote2()[pri:0, instance:TESTCASES.Purchase_Cancer_Insurance@91161c7]" name="Get_Quote2" duration-ms="1" started-at="2021-06-18T19:42:56Z" depends-on-methods="TESTCASES.Purchase_Cancer_Insurance.Choose_Cancer" finished-at="2021-06-18T19:42:56Z">
          <reporter-output>
          </reporter-output>
        </test-method> <!-- Get_Quote2 -->
        <test-method status="SKIP" signature="Customer_Registration()[pri:0, instance:TESTCASES.Purchase_Cancer_Insurance@91161c7]" name="Customer_Registration" duration-ms="0" started-at="2021-06-18T19:42:56Z" depends-on-methods="TESTCASES.Purchase_Cancer_Insurance.Get_Quote2" finished-at="2021-06-18T19:42:56Z">
          <reporter-output>
          </reporter-output>
        </test-method> <!-- Customer_Registration -->
        <test-method status="SKIP" signature="Answer_Cancer_Questions()[pri:0, instance:TESTCASES.Purchase_Cancer_Insurance@91161c7]" name="Answer_Cancer_Questions" duration-ms="0" started-at="2021-06-18T19:42:56Z" depends-on-methods="TESTCASES.Purchase_Cancer_Insurance.Customer_Registration" finished-at="2021-06-18T19:42:56Z">
          <reporter-output>
          </reporter-output>
        </test-method> <!-- Answer_Cancer_Questions -->
        <test-method status="SKIP" signature="Checkout_From_Cart()[pri:0, instance:TESTCASES.Purchase_Cancer_Insurance@91161c7]" name="Checkout_From_Cart" duration-ms="0" started-at="2021-06-18T19:42:56Z" depends-on-methods="TESTCASES.Purchase_Cancer_Insurance.Answer_Cancer_Questions" finished-at="2021-06-18T19:42:56Z">
          <reporter-output>
          </reporter-output>
        </test-method> <!-- Checkout_From_Cart -->
        <test-method status="SKIP" signature="Checkout_Add_BankDetails()[pri:0, instance:TESTCASES.Purchase_Cancer_Insurance@91161c7]" name="Checkout_Add_BankDetails" duration-ms="0" started-at="2021-06-18T19:42:56Z" depends-on-methods="TESTCASES.Purchase_Cancer_Insurance.Checkout_From_Cart" finished-at="2021-06-18T19:42:56Z">
          <reporter-output>
          </reporter-output>
        </test-method> <!-- Checkout_Add_BankDetails -->
        <test-method status="SKIP" signature="Checkout_FIll_Disclosures()[pri:0, instance:TESTCASES.Purchase_Cancer_Insurance@91161c7]" name="Checkout_FIll_Disclosures" duration-ms="0" started-at="2021-06-18T19:42:56Z" depends-on-methods="TESTCASES.Purchase_Cancer_Insurance.Checkout_Add_BankDetails" finished-at="2021-06-18T19:42:56Z">
          <reporter-output>
          </reporter-output>
        </test-method> <!-- Checkout_FIll_Disclosures -->
        <test-method status="SKIP" signature="Review_And_Submit()[pri:0, instance:TESTCASES.Purchase_Cancer_Insurance@91161c7]" name="Review_And_Submit" duration-ms="0" started-at="2021-06-18T19:42:56Z" depends-on-methods="TESTCASES.Purchase_Cancer_Insurance.Checkout_FIll_Disclosures" finished-at="2021-06-18T19:42:56Z">
          <reporter-output>
          </reporter-output>
        </test-method> <!-- Review_And_Submit -->
        <test-method status="SKIP" signature="Check_Thank_You_Page()[pri:0, instance:TESTCASES.Purchase_Cancer_Insurance@91161c7]" name="Check_Thank_You_Page" duration-ms="0" started-at="2021-06-18T19:42:56Z" depends-on-methods="TESTCASES.Purchase_Cancer_Insurance.Review_And_Submit" finished-at="2021-06-18T19:42:56Z">
          <reporter-output>
          </reporter-output>
        </test-method> <!-- Check_Thank_You_Page -->
      </class> <!-- TESTCASES.Purchase_Cancer_Insurance -->
    </test> <!-- Test -->
  </suite> <!-- Suite -->
</testng-results>
